<?xml version="1.0" encoding="UTF-8"?>
<!-- Generated by org.testng.reporters.JUnitXMLReporter -->
<testsuite ignored="2" hostname="DESKTOP-HIM16RN" failures="1" tests="3" name="PowerAdSpy Application Test" time="261.168" errors="0" timestamp="2022-11-17T11:25:16 IST">
  <testcase classname="com.power.testcases.Verify_Instagram_DashBoard_SortBy" name="verify_Instagram_Sortby" time="56.839"/>
  <testcase classname="com.power.testcases.Verify_Instagram_DashBoard_PostDateBetween" name="verify_Post_Date" time="128.221">
    <failure type="java.lang.AssertionError" message="expected [1 November 2022] but found [11 November 2022]">
      <![CDATA[java.lang.AssertionError: expected [1 November 2022] but found [11 November 2022]
at com.power.qa.pages.InstagramPostDateBetweenPage.getPostDateBetween(InstagramPostDateBetweenPage.java:523)
at com.power.testcases.Verify_Instagram_DashBoard_PostDateBetween.verify_Post_Date(Verify_Instagram_DashBoard_PostDateBetween.java:15)
at java.base/java.util.concurrent.ThreadPoolExecutor.runWorker(ThreadPoolExecutor.java:1136)
at java.base/java.util.concurrent.ThreadPoolExecutor$Worker.run(ThreadPoolExecutor.java:635)
at java.base/java.lang.Thread.run(Thread.java:833)
... Removed 18 stack frames]]>
    </failure>
  </testcase> <!-- verify_Post_Date -->
  <testcase classname="com.power.testcases.Verify_Instagram_DashBoard_AdSeenBetween" name="verify_instagram_dasboard_adseenBetween" time="244.751"/>
  <testcase classname="com.power.qa.base.TestBase" name="@BeforeSuite beforeSuite" time="0.0">
    <ignored/>
  </testcase> <!-- @BeforeSuite beforeSuite -->
  <testcase classname="com.power.qa.base.TestBase" name="@BeforeSuite beforeSuite" time="0.0">
    <ignored/>
  </testcase> <!-- @BeforeSuite beforeSuite -->
</testsuite> <!-- PowerAdSpy Application Test -->
